{"C:\\Users\\asus\\Documents\\ip\\IP-HCK88\\music-app\\server\\controllers\\authController.js": {"path":"C:\\Users\\asus\\Documents\\ip\\IP-HCK88\\music-app\\server\\controllers\\authController.js","statementMap":{"0":{"start":{"line":1,"column":17},"end":{"line":1,"column":37}},"1":{"start":{"line":2,"column":28},"end":{"line":2,"column":56}},"2":{"start":{"line":3,"column":22},"end":{"line":3,"column":47}},"3":{"start":{"line":4,"column":25},"end":{"line":4,"column":55}},"4":{"start":{"line":6,"column":15},"end":{"line":6,"column":61}},"5":{"start":{"line":10,"column":4},"end":{"line":38,"column":5}},"6":{"start":{"line":11,"column":34},"end":{"line":11,"column":42}},"7":{"start":{"line":13,"column":6},"end":{"line":17,"column":7}},"8":{"start":{"line":14,"column":8},"end":{"line":16,"column":61}},"9":{"start":{"line":19,"column":23},"end":{"line":19,"column":63}},"10":{"start":{"line":20,"column":6},"end":{"line":22,"column":7}},"11":{"start":{"line":21,"column":8},"end":{"line":21,"column":74}},"12":{"start":{"line":24,"column":19},"end":{"line":24,"column":57}},"13":{"start":{"line":26,"column":6},"end":{"line":29,"column":9}},"14":{"start":{"line":31,"column":26},"end":{"line":31,"column":102}},"15":{"start":{"line":33,"column":6},"end":{"line":35,"column":7}},"16":{"start":{"line":34,"column":8},"end":{"line":34,"column":72}},"17":{"start":{"line":37,"column":6},"end":{"line":37,"column":60}},"18":{"start":{"line":42,"column":4},"end":{"line":78,"column":5}},"19":{"start":{"line":43,"column":26},"end":{"line":43,"column":98}},"20":{"start":{"line":44,"column":26},"end":{"line":47,"column":10}},"21":{"start":{"line":49,"column":34},"end":{"line":49,"column":42}},"22":{"start":{"line":51,"column":6},"end":{"line":56,"column":7}},"23":{"start":{"line":52,"column":28},"end":{"line":52,"column":106}},"24":{"start":{"line":53,"column":8},"end":{"line":55,"column":61}},"25":{"start":{"line":58,"column":19},"end":{"line":58,"column":59}},"26":{"start":{"line":60,"column":6},"end":{"line":63,"column":7}},"27":{"start":{"line":61,"column":28},"end":{"line":61,"column":103}},"28":{"start":{"line":62,"column":8},"end":{"line":62,"column":78}},"29":{"start":{"line":65,"column":30},"end":{"line":65,"column":76}},"30":{"start":{"line":66,"column":6},"end":{"line":69,"column":7}},"31":{"start":{"line":67,"column":28},"end":{"line":67,"column":109}},"32":{"start":{"line":68,"column":8},"end":{"line":68,"column":78}},"33":{"start":{"line":71,"column":27},"end":{"line":71,"column":53}},"34":{"start":{"line":72,"column":26},"end":{"line":72,"column":107}},"35":{"start":{"line":74,"column":6},"end":{"line":74,"column":52}},"36":{"start":{"line":76,"column":26},"end":{"line":76,"column":99}},"37":{"start":{"line":77,"column":6},"end":{"line":77,"column":72}},"38":{"start":{"line":82,"column":4},"end":{"line":120,"column":5}},"39":{"start":{"line":83,"column":26},"end":{"line":83,"column":105}},"40":{"start":{"line":84,"column":27},"end":{"line":84,"column":35}},"41":{"start":{"line":86,"column":6},"end":{"line":89,"column":7}},"42":{"start":{"line":87,"column":28},"end":{"line":87,"column":97}},"43":{"start":{"line":88,"column":8},"end":{"line":88,"column":70}},"44":{"start":{"line":91,"column":26},"end":{"line":91,"column":105}},"45":{"start":{"line":92,"column":21},"end":{"line":95,"column":8}},"46":{"start":{"line":97,"column":24},"end":{"line":97,"column":43}},"47":{"start":{"line":98,"column":26},"end":{"line":98,"column":108}},"48":{"start":{"line":100,"column":30},"end":{"line":103,"column":8}},"49":{"start":{"line":105,"column":27},"end":{"line":105,"column":53}},"50":{"start":{"line":106,"column":26},"end":{"line":110,"column":8}},"51":{"start":{"line":112,"column":6},"end":{"line":115,"column":9}},"52":{"start":{"line":117,"column":26},"end":{"line":117,"column":108}},"53":{"start":{"line":118,"column":26},"end":{"line":118,"column":111}},"54":{"start":{"line":119,"column":6},"end":{"line":119,"column":75}},"55":{"start":{"line":124,"column":0},"end":{"line":124,"column":32}},"56":{"start":{"line":131,"column":85},"end":{"line":131,"column":45173}},"57":{"start":{"line":131,"column":89},"end":{"line":131,"column":45145}},"58":{"start":{"line":131,"column":45155},"end":{"line":131,"column":45172}}},"fnMap":{"0":{"name":"(anonymous_0)","decl":{"start":{"line":9,"column":2},"end":{"line":9,"column":3}},"loc":{"start":{"line":9,"column":34},"end":{"line":39,"column":3}},"line":9},"1":{"name":"(anonymous_1)","decl":{"start":{"line":41,"column":2},"end":{"line":41,"column":3}},"loc":{"start":{"line":41,"column":31},"end":{"line":79,"column":3}},"line":41},"2":{"name":"(anonymous_2)","decl":{"start":{"line":81,"column":2},"end":{"line":81,"column":3}},"loc":{"start":{"line":81,"column":37},"end":{"line":121,"column":3}},"line":81},"3":{"name":"oo_cm","decl":{"start":{"line":131,"column":77},"end":{"line":131,"column":82}},"loc":{"start":{"line":131,"column":84},"end":{"line":131,"column":45174}},"line":131}},"branchMap":{"0":{"loc":{"start":{"line":13,"column":6},"end":{"line":17,"column":7}},"type":"if","locations":[{"start":{"line":13,"column":6},"end":{"line":17,"column":7}},{"start":{},"end":{}}],"line":13},"1":{"loc":{"start":{"line":13,"column":10},"end":{"line":13,"column":29}},"type":"binary-expr","locations":[{"start":{"line":13,"column":10},"end":{"line":13,"column":16}},{"start":{"line":13,"column":20},"end":{"line":13,"column":29}}],"line":13},"2":{"loc":{"start":{"line":20,"column":6},"end":{"line":22,"column":7}},"type":"if","locations":[{"start":{"line":20,"column":6},"end":{"line":22,"column":7}},{"start":{},"end":{}}],"line":20},"3":{"loc":{"start":{"line":33,"column":6},"end":{"line":35,"column":7}},"type":"if","locations":[{"start":{"line":33,"column":6},"end":{"line":35,"column":7}},{"start":{},"end":{}}],"line":33},"4":{"loc":{"start":{"line":51,"column":6},"end":{"line":56,"column":7}},"type":"if","locations":[{"start":{"line":51,"column":6},"end":{"line":56,"column":7}},{"start":{},"end":{}}],"line":51},"5":{"loc":{"start":{"line":51,"column":10},"end":{"line":51,"column":29}},"type":"binary-expr","locations":[{"start":{"line":51,"column":10},"end":{"line":51,"column":16}},{"start":{"line":51,"column":20},"end":{"line":51,"column":29}}],"line":51},"6":{"loc":{"start":{"line":60,"column":6},"end":{"line":63,"column":7}},"type":"if","locations":[{"start":{"line":60,"column":6},"end":{"line":63,"column":7}},{"start":{},"end":{}}],"line":60},"7":{"loc":{"start":{"line":66,"column":6},"end":{"line":69,"column":7}},"type":"if","locations":[{"start":{"line":66,"column":6},"end":{"line":69,"column":7}},{"start":{},"end":{}}],"line":66},"8":{"loc":{"start":{"line":86,"column":6},"end":{"line":89,"column":7}},"type":"if","locations":[{"start":{"line":86,"column":6},"end":{"line":89,"column":7}},{"start":{},"end":{}}],"line":86},"9":{"loc":{"start":{"line":109,"column":8},"end":{"line":109,"column":45}},"type":"cond-expr","locations":[{"start":{"line":109,"column":18},"end":{"line":109,"column":30}},{"start":{"line":109,"column":33},"end":{"line":109,"column":45}}],"line":109},"10":{"loc":{"start":{"line":112,"column":24},"end":{"line":112,"column":43}},"type":"cond-expr","locations":[{"start":{"line":112,"column":34},"end":{"line":112,"column":37}},{"start":{"line":112,"column":40},"end":{"line":112,"column":43}}],"line":112},"11":{"loc":{"start":{"line":131,"column":96},"end":{"line":131,"column":45144}},"type":"binary-expr","locations":[{"start":{"line":131,"column":96},"end":{"line":131,"column":133}},{"start":{"line":131,"column":137},"end":{"line":131,"column":45144}}],"line":131}},"s":{"0":5,"1":5,"2":5,"3":5,"4":5,"5":7,"6":7,"7":7,"8":3,"9":4,"10":4,"11":1,"12":3,"13":2,"14":1,"15":1,"16":1,"17":0,"18":6,"19":6,"20":6,"21":6,"22":6,"23":3,"24":3,"25":3,"26":3,"27":1,"28":1,"29":2,"30":2,"31":1,"32":1,"33":1,"34":1,"35":1,"36":0,"37":0,"38":5,"39":5,"40":5,"41":5,"42":1,"43":1,"44":4,"45":4,"46":2,"47":2,"48":2,"49":2,"50":2,"51":2,"52":2,"53":2,"54":2,"55":5,"56":37,"57":37,"58":0},"f":{"0":7,"1":6,"2":5,"3":37},"b":{"0":[3,4],"1":[7,5],"2":[1,3],"3":[1,0],"4":[3,3],"5":[6,4],"6":[1,2],"7":[1,1],"8":[1,4],"9":[1,1],"10":[1,1],"11":[37,1]},"_coverageSchema":"1a1c01bbd47fc00a2c39e90264f33305004495a9","hash":"cebb0352d794ef2dc183d6058ae0bb55e2153371"}
,"C:\\Users\\asus\\Documents\\ip\\IP-HCK88\\music-app\\server\\controllers\\playlistsController.js": {"path":"C:\\Users\\asus\\Documents\\ip\\IP-HCK88\\music-app\\server\\controllers\\playlistsController.js","statementMap":{"0":{"start":{"line":1,"column":32},"end":{"line":1,"column":52}},"1":{"start":{"line":5,"column":4},"end":{"line":14,"column":5}},"2":{"start":{"line":6,"column":24},"end":{"line":9,"column":8}},"3":{"start":{"line":10,"column":6},"end":{"line":10,"column":26}},"4":{"start":{"line":12,"column":26},"end":{"line":12,"column":113}},"5":{"start":{"line":13,"column":6},"end":{"line":13,"column":53}},"6":{"start":{"line":18,"column":4},"end":{"line":38,"column":5}},"7":{"start":{"line":19,"column":26},"end":{"line":19,"column":107}},"8":{"start":{"line":20,"column":26},"end":{"line":20,"column":104}},"9":{"start":{"line":21,"column":26},"end":{"line":21,"column":107}},"10":{"start":{"line":23,"column":23},"end":{"line":23,"column":31}},"11":{"start":{"line":25,"column":6},"end":{"line":29,"column":7}},"12":{"start":{"line":26,"column":8},"end":{"line":28,"column":65}},"13":{"start":{"line":31,"column":23},"end":{"line":31,"column":75}},"14":{"start":{"line":32,"column":26},"end":{"line":32,"column":110}},"15":{"start":{"line":34,"column":6},"end":{"line":34,"column":37}},"16":{"start":{"line":36,"column":26},"end":{"line":36,"column":112}},"17":{"start":{"line":37,"column":6},"end":{"line":37,"column":53}},"18":{"start":{"line":42,"column":4},"end":{"line":71,"column":5}},"19":{"start":{"line":43,"column":23},"end":{"line":43,"column":31}},"20":{"start":{"line":45,"column":6},"end":{"line":47,"column":7}},"21":{"start":{"line":46,"column":8},"end":{"line":46,"column":69}},"22":{"start":{"line":50,"column":29},"end":{"line":50,"column":67}},"23":{"start":{"line":51,"column":6},"end":{"line":53,"column":7}},"24":{"start":{"line":52,"column":8},"end":{"line":52,"column":71}},"25":{"start":{"line":56,"column":23},"end":{"line":58,"column":8}},"26":{"start":{"line":60,"column":6},"end":{"line":62,"column":7}},"27":{"start":{"line":61,"column":8},"end":{"line":61,"column":65}},"28":{"start":{"line":64,"column":6},"end":{"line":64,"column":27}},"29":{"start":{"line":65,"column":6},"end":{"line":65,"column":28}},"30":{"start":{"line":67,"column":6},"end":{"line":67,"column":61}},"31":{"start":{"line":69,"column":26},"end":{"line":69,"column":112}},"32":{"start":{"line":70,"column":6},"end":{"line":70,"column":53}},"33":{"start":{"line":75,"column":4},"end":{"line":96,"column":5}},"34":{"start":{"line":77,"column":29},"end":{"line":77,"column":67}},"35":{"start":{"line":78,"column":6},"end":{"line":80,"column":7}},"36":{"start":{"line":79,"column":8},"end":{"line":79,"column":71}},"37":{"start":{"line":83,"column":23},"end":{"line":85,"column":8}},"38":{"start":{"line":87,"column":6},"end":{"line":89,"column":7}},"39":{"start":{"line":88,"column":8},"end":{"line":88,"column":65}},"40":{"start":{"line":91,"column":6},"end":{"line":91,"column":31}},"41":{"start":{"line":92,"column":6},"end":{"line":92,"column":48}},"42":{"start":{"line":94,"column":26},"end":{"line":94,"column":112}},"43":{"start":{"line":95,"column":6},"end":{"line":95,"column":53}},"44":{"start":{"line":100,"column":4},"end":{"line":153,"column":5}},"45":{"start":{"line":101,"column":21},"end":{"line":101,"column":31}},"46":{"start":{"line":102,"column":21},"end":{"line":102,"column":32}},"47":{"start":{"line":103,"column":69},"end":{"line":103,"column":77}},"48":{"start":{"line":105,"column":26},"end":{"line":109,"column":10}},"49":{"start":{"line":112,"column":23},"end":{"line":114,"column":8}},"50":{"start":{"line":115,"column":6},"end":{"line":120,"column":7}},"51":{"start":{"line":116,"column":28},"end":{"line":116,"column":119}},"52":{"start":{"line":117,"column":8},"end":{"line":119,"column":67}},"53":{"start":{"line":123,"column":6},"end":{"line":125,"column":7}},"54":{"start":{"line":124,"column":8},"end":{"line":124,"column":76}},"55":{"start":{"line":128,"column":23},"end":{"line":130,"column":8}},"56":{"start":{"line":131,"column":6},"end":{"line":133,"column":7}},"57":{"start":{"line":132,"column":8},"end":{"line":132,"column":77}},"58":{"start":{"line":136,"column":22},"end":{"line":144,"column":8}},"59":{"start":{"line":146,"column":26},"end":{"line":146,"column":122}},"60":{"start":{"line":147,"column":6},"end":{"line":147,"column":36}},"61":{"start":{"line":149,"column":26},"end":{"line":149,"column":117}},"62":{"start":{"line":150,"column":6},"end":{"line":152,"column":71}},"63":{"start":{"line":157,"column":4},"end":{"line":183,"column":5}},"64":{"start":{"line":158,"column":30},"end":{"line":158,"column":40}},"65":{"start":{"line":159,"column":21},"end":{"line":159,"column":32}},"66":{"start":{"line":162,"column":23},"end":{"line":164,"column":8}},"67":{"start":{"line":166,"column":6},"end":{"line":168,"column":7}},"68":{"start":{"line":167,"column":8},"end":{"line":167,"column":65}},"69":{"start":{"line":170,"column":20},"end":{"line":172,"column":8}},"70":{"start":{"line":174,"column":6},"end":{"line":176,"column":7}},"71":{"start":{"line":175,"column":8},"end":{"line":175,"column":68}},"72":{"start":{"line":178,"column":6},"end":{"line":178,"column":28}},"73":{"start":{"line":179,"column":6},"end":{"line":179,"column":45}},"74":{"start":{"line":181,"column":26},"end":{"line":181,"column":111}},"75":{"start":{"line":182,"column":6},"end":{"line":182,"column":53}},"76":{"start":{"line":187,"column":0},"end":{"line":187,"column":37}},"77":{"start":{"line":194,"column":85},"end":{"line":194,"column":45173}},"78":{"start":{"line":194,"column":89},"end":{"line":194,"column":45145}},"79":{"start":{"line":194,"column":45155},"end":{"line":194,"column":45172}}},"fnMap":{"0":{"name":"(anonymous_0)","decl":{"start":{"line":4,"column":2},"end":{"line":4,"column":3}},"loc":{"start":{"line":4,"column":38},"end":{"line":15,"column":3}},"line":4},"1":{"name":"(anonymous_1)","decl":{"start":{"line":17,"column":2},"end":{"line":17,"column":3}},"loc":{"start":{"line":17,"column":40},"end":{"line":39,"column":3}},"line":17},"2":{"name":"(anonymous_2)","decl":{"start":{"line":41,"column":2},"end":{"line":41,"column":3}},"loc":{"start":{"line":41,"column":40},"end":{"line":72,"column":3}},"line":41},"3":{"name":"(anonymous_3)","decl":{"start":{"line":74,"column":2},"end":{"line":74,"column":3}},"loc":{"start":{"line":74,"column":40},"end":{"line":97,"column":3}},"line":74},"4":{"name":"(anonymous_4)","decl":{"start":{"line":99,"column":2},"end":{"line":99,"column":3}},"loc":{"start":{"line":99,"column":44},"end":{"line":154,"column":3}},"line":99},"5":{"name":"(anonymous_5)","decl":{"start":{"line":156,"column":2},"end":{"line":156,"column":3}},"loc":{"start":{"line":156,"column":49},"end":{"line":184,"column":3}},"line":156},"6":{"name":"oo_cm","decl":{"start":{"line":194,"column":77},"end":{"line":194,"column":82}},"loc":{"start":{"line":194,"column":84},"end":{"line":194,"column":45174}},"line":194}},"branchMap":{"0":{"loc":{"start":{"line":25,"column":6},"end":{"line":29,"column":7}},"type":"if","locations":[{"start":{"line":25,"column":6},"end":{"line":29,"column":7}},{"start":{},"end":{}}],"line":25},"1":{"loc":{"start":{"line":25,"column":10},"end":{"line":25,"column":31}},"type":"binary-expr","locations":[{"start":{"line":25,"column":10},"end":{"line":25,"column":15}},{"start":{"line":25,"column":19},"end":{"line":25,"column":31}}],"line":25},"2":{"loc":{"start":{"line":45,"column":6},"end":{"line":47,"column":7}},"type":"if","locations":[{"start":{"line":45,"column":6},"end":{"line":47,"column":7}},{"start":{},"end":{}}],"line":45},"3":{"loc":{"start":{"line":51,"column":6},"end":{"line":53,"column":7}},"type":"if","locations":[{"start":{"line":51,"column":6},"end":{"line":53,"column":7}},{"start":{},"end":{}}],"line":51},"4":{"loc":{"start":{"line":60,"column":6},"end":{"line":62,"column":7}},"type":"if","locations":[{"start":{"line":60,"column":6},"end":{"line":62,"column":7}},{"start":{},"end":{}}],"line":60},"5":{"loc":{"start":{"line":78,"column":6},"end":{"line":80,"column":7}},"type":"if","locations":[{"start":{"line":78,"column":6},"end":{"line":80,"column":7}},{"start":{},"end":{}}],"line":78},"6":{"loc":{"start":{"line":87,"column":6},"end":{"line":89,"column":7}},"type":"if","locations":[{"start":{"line":87,"column":6},"end":{"line":89,"column":7}},{"start":{},"end":{}}],"line":87},"7":{"loc":{"start":{"line":115,"column":6},"end":{"line":120,"column":7}},"type":"if","locations":[{"start":{"line":115,"column":6},"end":{"line":120,"column":7}},{"start":{},"end":{}}],"line":115},"8":{"loc":{"start":{"line":123,"column":6},"end":{"line":125,"column":7}},"type":"if","locations":[{"start":{"line":123,"column":6},"end":{"line":125,"column":7}},{"start":{},"end":{}}],"line":123},"9":{"loc":{"start":{"line":123,"column":10},"end":{"line":123,"column":50}},"type":"binary-expr","locations":[{"start":{"line":123,"column":10},"end":{"line":123,"column":20}},{"start":{"line":123,"column":24},"end":{"line":123,"column":29}},{"start":{"line":123,"column":33},"end":{"line":123,"column":40}},{"start":{"line":123,"column":44},"end":{"line":123,"column":50}}],"line":123},"10":{"loc":{"start":{"line":131,"column":6},"end":{"line":133,"column":7}},"type":"if","locations":[{"start":{"line":131,"column":6},"end":{"line":133,"column":7}},{"start":{},"end":{}}],"line":131},"11":{"loc":{"start":{"line":166,"column":6},"end":{"line":168,"column":7}},"type":"if","locations":[{"start":{"line":166,"column":6},"end":{"line":168,"column":7}},{"start":{},"end":{}}],"line":166},"12":{"loc":{"start":{"line":174,"column":6},"end":{"line":176,"column":7}},"type":"if","locations":[{"start":{"line":174,"column":6},"end":{"line":176,"column":7}},{"start":{},"end":{}}],"line":174},"13":{"loc":{"start":{"line":194,"column":96},"end":{"line":194,"column":45144}},"type":"binary-expr","locations":[{"start":{"line":194,"column":96},"end":{"line":194,"column":133}},{"start":{"line":194,"column":137},"end":{"line":194,"column":45144}}],"line":194}},"s":{"0":5,"1":4,"2":4,"3":4,"4":0,"5":0,"6":5,"7":5,"8":5,"9":5,"10":5,"11":5,"12":2,"13":3,"14":3,"15":3,"16":0,"17":0,"18":5,"19":5,"20":5,"21":1,"22":4,"23":4,"24":1,"25":3,"26":3,"27":1,"28":2,"29":2,"30":2,"31":0,"32":0,"33":3,"34":3,"35":3,"36":1,"37":2,"38":2,"39":1,"40":1,"41":1,"42":0,"43":0,"44":10,"45":10,"46":10,"47":10,"48":10,"49":10,"50":10,"51":1,"52":1,"53":9,"54":5,"55":4,"56":4,"57":1,"58":3,"59":3,"60":3,"61":0,"62":0,"63":3,"64":3,"65":3,"66":3,"67":3,"68":1,"69":2,"70":2,"71":1,"72":1,"73":1,"74":0,"75":0,"76":5,"77":32,"78":32,"79":0},"f":{"0":4,"1":5,"2":5,"3":3,"4":10,"5":3,"6":32},"b":{"0":[2,3],"1":[5,4],"2":[1,4],"3":[1,3],"4":[1,2],"5":[1,2],"6":[1,1],"7":[1,9],"8":[5,4],"9":[9,8,6,5],"10":[1,3],"11":[1,2],"12":[1,1],"13":[32,3]},"_coverageSchema":"1a1c01bbd47fc00a2c39e90264f33305004495a9","hash":"1007a1241d28b1c2491ca666d0bc91b34e32435c"}
,"C:\\Users\\asus\\Documents\\ip\\IP-HCK88\\music-app\\server\\helpers\\bcrypt.js": {"path":"C:\\Users\\asus\\Documents\\ip\\IP-HCK88\\music-app\\server\\helpers\\bcrypt.js","statementMap":{"0":{"start":{"line":1,"column":15},"end":{"line":1,"column":34}},"1":{"start":{"line":3,"column":0},"end":{"line":7,"column":2}},"2":{"start":{"line":4,"column":30},"end":{"line":4,"column":55}},"3":{"start":{"line":6,"column":4},"end":{"line":6,"column":44}}},"fnMap":{"0":{"name":"(anonymous_0)","decl":{"start":{"line":4,"column":16},"end":{"line":4,"column":17}},"loc":{"start":{"line":4,"column":30},"end":{"line":4,"column":55}},"line":4},"1":{"name":"(anonymous_1)","decl":{"start":{"line":5,"column":19},"end":{"line":5,"column":20}},"loc":{"start":{"line":6,"column":4},"end":{"line":6,"column":44}},"line":6}},"branchMap":{},"s":{"0":5,"1":5,"2":13,"3":4},"f":{"0":13,"1":4},"b":{},"_coverageSchema":"1a1c01bbd47fc00a2c39e90264f33305004495a9","hash":"db06a7266ba994dd6ec6f4b973aa31c458b7fdf2"}
,"C:\\Users\\asus\\Documents\\ip\\IP-HCK88\\music-app\\server\\helpers\\jwt.js": {"path":"C:\\Users\\asus\\Documents\\ip\\IP-HCK88\\music-app\\server\\helpers\\jwt.js","statementMap":{"0":{"start":{"line":1,"column":12},"end":{"line":1,"column":35}},"1":{"start":{"line":3,"column":0},"end":{"line":6,"column":2}},"2":{"start":{"line":4,"column":23},"end":{"line":4,"column":46}},"3":{"start":{"line":5,"column":26},"end":{"line":5,"column":52}}},"fnMap":{"0":{"name":"(anonymous_0)","decl":{"start":{"line":4,"column":13},"end":{"line":4,"column":14}},"loc":{"start":{"line":4,"column":23},"end":{"line":4,"column":46}},"line":4},"1":{"name":"(anonymous_1)","decl":{"start":{"line":5,"column":15},"end":{"line":5,"column":16}},"loc":{"start":{"line":5,"column":26},"end":{"line":5,"column":52}},"line":5}},"branchMap":{},"s":{"0":5,"1":5,"2":12,"3":85},"f":{"0":12,"1":85},"b":{},"_coverageSchema":"1a1c01bbd47fc00a2c39e90264f33305004495a9","hash":"8fc02298038f0cd99d3c382a84dab8e237f3d7cc"}
,"C:\\Users\\asus\\Documents\\ip\\IP-HCK88\\music-app\\server\\middlewares\\authentication.js": {"path":"C:\\Users\\asus\\Documents\\ip\\IP-HCK88\\music-app\\server\\middlewares\\authentication.js","statementMap":{"0":{"start":{"line":1,"column":17},"end":{"line":1,"column":37}},"1":{"start":{"line":2,"column":24},"end":{"line":2,"column":49}},"2":{"start":{"line":5,"column":2},"end":{"line":35,"column":3}},"3":{"start":{"line":6,"column":4},"end":{"line":10,"column":6}},"4":{"start":{"line":12,"column":19},"end":{"line":12,"column":44}},"5":{"start":{"line":13,"column":4},"end":{"line":13,"column":75}},"6":{"start":{"line":15,"column":4},"end":{"line":15,"column":48}},"7":{"start":{"line":15,"column":17},"end":{"line":15,"column":48}},"8":{"start":{"line":17,"column":18},"end":{"line":17,"column":38}},"9":{"start":{"line":18,"column":4},"end":{"line":18,"column":61}},"10":{"start":{"line":20,"column":20},"end":{"line":20,"column":38}},"11":{"start":{"line":21,"column":4},"end":{"line":21,"column":58}},"12":{"start":{"line":23,"column":17},"end":{"line":23,"column":48}},"13":{"start":{"line":24,"column":4},"end":{"line":24,"column":46}},"14":{"start":{"line":24,"column":15},"end":{"line":24,"column":46}},"15":{"start":{"line":26,"column":4},"end":{"line":26,"column":50}},"16":{"start":{"line":27,"column":4},"end":{"line":27,"column":60}},"17":{"start":{"line":29,"column":4},"end":{"line":29,"column":11}},"18":{"start":{"line":31,"column":4},"end":{"line":33,"column":5}},"19":{"start":{"line":32,"column":6},"end":{"line":32,"column":73}},"20":{"start":{"line":34,"column":4},"end":{"line":34,"column":55}},"21":{"start":{"line":38,"column":0},"end":{"line":38,"column":32}}},"fnMap":{"0":{"name":"authentication","decl":{"start":{"line":4,"column":15},"end":{"line":4,"column":29}},"loc":{"start":{"line":4,"column":46},"end":{"line":36,"column":1}},"line":4}},"branchMap":{"0":{"loc":{"start":{"line":13,"column":44},"end":{"line":13,"column":73}},"type":"cond-expr","locations":[{"start":{"line":13,"column":53},"end":{"line":13,"column":61}},{"start":{"line":13,"column":64},"end":{"line":13,"column":73}}],"line":13},"1":{"loc":{"start":{"line":15,"column":4},"end":{"line":15,"column":48}},"type":"if","locations":[{"start":{"line":15,"column":4},"end":{"line":15,"column":48}},{"start":{},"end":{}}],"line":15},"2":{"loc":{"start":{"line":18,"column":39},"end":{"line":18,"column":59}},"type":"cond-expr","locations":[{"start":{"line":18,"column":47},"end":{"line":18,"column":52}},{"start":{"line":18,"column":55},"end":{"line":18,"column":59}}],"line":18},"3":{"loc":{"start":{"line":24,"column":4},"end":{"line":24,"column":46}},"type":"if","locations":[{"start":{"line":24,"column":4},"end":{"line":24,"column":46}},{"start":{},"end":{}}],"line":24},"4":{"loc":{"start":{"line":31,"column":4},"end":{"line":33,"column":5}},"type":"if","locations":[{"start":{"line":31,"column":4},"end":{"line":33,"column":5}},{"start":{},"end":{}}],"line":31},"5":{"loc":{"start":{"line":32,"column":48},"end":{"line":32,"column":71}},"type":"binary-expr","locations":[{"start":{"line":32,"column":48},"end":{"line":32,"column":59}},{"start":{"line":32,"column":63},"end":{"line":32,"column":71}}],"line":32}},"s":{"0":5,"1":5,"2":98,"3":98,"4":98,"5":98,"6":98,"7":13,"8":85,"9":85,"10":85,"11":70,"12":70,"13":70,"14":1,"15":69,"16":69,"17":69,"18":29,"19":0,"20":29,"21":5},"f":{"0":98},"b":{"0":[85,13],"1":[13,85],"2":[82,3],"3":[1,69],"4":[0,29],"5":[0,0]},"_coverageSchema":"1a1c01bbd47fc00a2c39e90264f33305004495a9","hash":"99641db3190a22fc54b1717a43529c05a266d01b"}
,"C:\\Users\\asus\\Documents\\ip\\IP-HCK88\\music-app\\server\\models\\index.js": {"path":"C:\\Users\\asus\\Documents\\ip\\IP-HCK88\\music-app\\server\\models\\index.js","statementMap":{"0":{"start":{"line":3,"column":11},"end":{"line":3,"column":24}},"1":{"start":{"line":4,"column":13},"end":{"line":4,"column":28}},"2":{"start":{"line":5,"column":18},"end":{"line":5,"column":38}},"3":{"start":{"line":6,"column":16},"end":{"line":6,"column":34}},"4":{"start":{"line":7,"column":17},"end":{"line":7,"column":42}},"5":{"start":{"line":8,"column":12},"end":{"line":8,"column":49}},"6":{"start":{"line":9,"column":15},"end":{"line":9,"column":65}},"7":{"start":{"line":10,"column":11},"end":{"line":10,"column":13}},"8":{"start":{"line":13,"column":0},"end":{"line":17,"column":1}},"9":{"start":{"line":14,"column":2},"end":{"line":14,"column":74}},"10":{"start":{"line":16,"column":2},"end":{"line":16,"column":87}},"11":{"start":{"line":19,"column":0},"end":{"line":32,"column":5}},"12":{"start":{"line":22,"column":4},"end":{"line":27,"column":6}},"13":{"start":{"line":30,"column":18},"end":{"line":30,"column":85}},"14":{"start":{"line":31,"column":4},"end":{"line":31,"column":27}},"15":{"start":{"line":34,"column":0},"end":{"line":38,"column":3}},"16":{"start":{"line":35,"column":2},"end":{"line":37,"column":3}},"17":{"start":{"line":36,"column":4},"end":{"line":36,"column":32}},"18":{"start":{"line":40,"column":0},"end":{"line":40,"column":25}},"19":{"start":{"line":41,"column":0},"end":{"line":41,"column":25}},"20":{"start":{"line":43,"column":0},"end":{"line":43,"column":20}}},"fnMap":{"0":{"name":"(anonymous_0)","decl":{"start":{"line":21,"column":10},"end":{"line":21,"column":11}},"loc":{"start":{"line":21,"column":18},"end":{"line":28,"column":3}},"line":21},"1":{"name":"(anonymous_1)","decl":{"start":{"line":29,"column":11},"end":{"line":29,"column":12}},"loc":{"start":{"line":29,"column":19},"end":{"line":32,"column":3}},"line":29},"2":{"name":"(anonymous_2)","decl":{"start":{"line":34,"column":24},"end":{"line":34,"column":25}},"loc":{"start":{"line":34,"column":37},"end":{"line":38,"column":1}},"line":34}},"branchMap":{"0":{"loc":{"start":{"line":8,"column":12},"end":{"line":8,"column":49}},"type":"binary-expr","locations":[{"start":{"line":8,"column":12},"end":{"line":8,"column":32}},{"start":{"line":8,"column":36},"end":{"line":8,"column":49}}],"line":8},"1":{"loc":{"start":{"line":13,"column":0},"end":{"line":17,"column":1}},"type":"if","locations":[{"start":{"line":13,"column":0},"end":{"line":17,"column":1}},{"start":{"line":15,"column":7},"end":{"line":17,"column":1}}],"line":13},"2":{"loc":{"start":{"line":23,"column":6},"end":{"line":26,"column":37}},"type":"binary-expr","locations":[{"start":{"line":23,"column":6},"end":{"line":23,"column":29}},{"start":{"line":24,"column":6},"end":{"line":24,"column":23}},{"start":{"line":25,"column":6},"end":{"line":25,"column":30}},{"start":{"line":26,"column":6},"end":{"line":26,"column":37}}],"line":23},"3":{"loc":{"start":{"line":35,"column":2},"end":{"line":37,"column":3}},"type":"if","locations":[{"start":{"line":35,"column":2},"end":{"line":37,"column":3}},{"start":{},"end":{}}],"line":35}},"s":{"0":5,"1":5,"2":5,"3":5,"4":5,"5":5,"6":5,"7":5,"8":5,"9":0,"10":5,"11":5,"12":20,"13":15,"14":15,"15":5,"16":15,"17":15,"18":5,"19":5,"20":5},"f":{"0":20,"1":15,"2":15},"b":{"0":[5,0],"1":[0,5],"2":[20,20,15,15],"3":[15,0]},"_coverageSchema":"1a1c01bbd47fc00a2c39e90264f33305004495a9","hash":"b0288e93df6f08018b4ee2452bd118562fa19336"}
,"C:\\Users\\asus\\Documents\\ip\\IP-HCK88\\music-app\\server\\models\\musiclist.js": {"path":"C:\\Users\\asus\\Documents\\ip\\IP-HCK88\\music-app\\server\\models\\musiclist.js","statementMap":{"0":{"start":{"line":2,"column":18},"end":{"line":2,"column":38}},"1":{"start":{"line":4,"column":0},"end":{"line":63,"column":2}},"2":{"start":{"line":7,"column":6},"end":{"line":7,"column":73}},"3":{"start":{"line":11,"column":2},"end":{"line":60,"column":4}},"4":{"start":{"line":62,"column":2},"end":{"line":62,"column":19}}},"fnMap":{"0":{"name":"(anonymous_0)","decl":{"start":{"line":4,"column":17},"end":{"line":4,"column":18}},"loc":{"start":{"line":4,"column":43},"end":{"line":63,"column":1}},"line":4},"1":{"name":"(anonymous_1)","decl":{"start":{"line":6,"column":4},"end":{"line":6,"column":5}},"loc":{"start":{"line":6,"column":29},"end":{"line":8,"column":5}},"line":6}},"branchMap":{},"s":{"0":5,"1":5,"2":5,"3":5,"4":5},"f":{"0":5,"1":5},"b":{},"_coverageSchema":"1a1c01bbd47fc00a2c39e90264f33305004495a9","hash":"6475fea739a078f2b075980b57d1c77bebbdb5df"}
,"C:\\Users\\asus\\Documents\\ip\\IP-HCK88\\music-app\\server\\models\\playlist.js": {"path":"C:\\Users\\asus\\Documents\\ip\\IP-HCK88\\music-app\\server\\models\\playlist.js","statementMap":{"0":{"start":{"line":2,"column":18},"end":{"line":2,"column":38}},"1":{"start":{"line":4,"column":0},"end":{"line":38,"column":2}},"2":{"start":{"line":7,"column":6},"end":{"line":7,"column":64}},"3":{"start":{"line":8,"column":6},"end":{"line":8,"column":71}},"4":{"start":{"line":12,"column":2},"end":{"line":35,"column":4}},"5":{"start":{"line":37,"column":2},"end":{"line":37,"column":18}}},"fnMap":{"0":{"name":"(anonymous_0)","decl":{"start":{"line":4,"column":17},"end":{"line":4,"column":18}},"loc":{"start":{"line":4,"column":43},"end":{"line":38,"column":1}},"line":4},"1":{"name":"(anonymous_1)","decl":{"start":{"line":6,"column":4},"end":{"line":6,"column":5}},"loc":{"start":{"line":6,"column":29},"end":{"line":9,"column":5}},"line":6}},"branchMap":{},"s":{"0":5,"1":5,"2":5,"3":5,"4":5,"5":5},"f":{"0":5,"1":5},"b":{},"_coverageSchema":"1a1c01bbd47fc00a2c39e90264f33305004495a9","hash":"b6625beb6d83a9eb2c09f8f7d7380ff42457ade0"}
,"C:\\Users\\asus\\Documents\\ip\\IP-HCK88\\music-app\\server\\models\\user.js": {"path":"C:\\Users\\asus\\Documents\\ip\\IP-HCK88\\music-app\\server\\models\\user.js","statementMap":{"0":{"start":{"line":2,"column":18},"end":{"line":2,"column":38}},"1":{"start":{"line":3,"column":25},"end":{"line":3,"column":53}},"2":{"start":{"line":4,"column":0},"end":{"line":52,"column":2}},"3":{"start":{"line":7,"column":6},"end":{"line":7,"column":62}},"4":{"start":{"line":10,"column":2},"end":{"line":47,"column":4}},"5":{"start":{"line":48,"column":2},"end":{"line":50,"column":5}},"6":{"start":{"line":49,"column":4},"end":{"line":49,"column":48}},"7":{"start":{"line":51,"column":2},"end":{"line":51,"column":14}}},"fnMap":{"0":{"name":"(anonymous_0)","decl":{"start":{"line":4,"column":17},"end":{"line":4,"column":18}},"loc":{"start":{"line":4,"column":43},"end":{"line":52,"column":1}},"line":4},"1":{"name":"(anonymous_1)","decl":{"start":{"line":6,"column":4},"end":{"line":6,"column":5}},"loc":{"start":{"line":6,"column":29},"end":{"line":8,"column":5}},"line":6},"2":{"name":"(anonymous_2)","decl":{"start":{"line":48,"column":20},"end":{"line":48,"column":21}},"loc":{"start":{"line":48,"column":30},"end":{"line":50,"column":3}},"line":48}},"branchMap":{},"s":{"0":5,"1":5,"2":5,"3":5,"4":5,"5":5,"6":8,"7":5},"f":{"0":5,"1":5,"2":8},"b":{},"_coverageSchema":"1a1c01bbd47fc00a2c39e90264f33305004495a9","hash":"e4b7b533672814f93a74763c378b4395f8df1c94"}
,"C:\\Users\\asus\\Documents\\ip\\IP-HCK88\\music-app\\server\\routes\\authRoutes.js": {"path":"C:\\Users\\asus\\Documents\\ip\\IP-HCK88\\music-app\\server\\routes\\authRoutes.js","statementMap":{"0":{"start":{"line":1,"column":16},"end":{"line":1,"column":34}},"1":{"start":{"line":2,"column":15},"end":{"line":2,"column":31}},"2":{"start":{"line":3,"column":23},"end":{"line":3,"column":63}},"3":{"start":{"line":5,"column":0},"end":{"line":5,"column":50}},"4":{"start":{"line":6,"column":0},"end":{"line":6,"column":44}},"5":{"start":{"line":7,"column":0},"end":{"line":7,"column":57}},"6":{"start":{"line":9,"column":0},"end":{"line":9,"column":24}}},"fnMap":{},"branchMap":{},"s":{"0":5,"1":5,"2":5,"3":5,"4":5,"5":5,"6":5},"f":{},"b":{},"_coverageSchema":"1a1c01bbd47fc00a2c39e90264f33305004495a9","hash":"9cabe82b56f12701ad7320d89a3b1d9617f06cf8"}
,"C:\\Users\\asus\\Documents\\ip\\IP-HCK88\\music-app\\server\\routes\\playlistsRoutes.js": {"path":"C:\\Users\\asus\\Documents\\ip\\IP-HCK88\\music-app\\server\\routes\\playlistsRoutes.js","statementMap":{"0":{"start":{"line":1,"column":16},"end":{"line":1,"column":34}},"1":{"start":{"line":2,"column":15},"end":{"line":2,"column":31}},"2":{"start":{"line":3,"column":28},"end":{"line":3,"column":73}},"3":{"start":{"line":5,"column":0},"end":{"line":5,"column":50}},"4":{"start":{"line":6,"column":0},"end":{"line":6,"column":53}},"5":{"start":{"line":7,"column":0},"end":{"line":7,"column":55}},"6":{"start":{"line":8,"column":0},"end":{"line":8,"column":58}},"7":{"start":{"line":9,"column":0},"end":{"line":9,"column":66}},"8":{"start":{"line":10,"column":0},"end":{"line":13,"column":2}},"9":{"start":{"line":15,"column":0},"end":{"line":15,"column":24}}},"fnMap":{},"branchMap":{},"s":{"0":5,"1":5,"2":5,"3":5,"4":5,"5":5,"6":5,"7":5,"8":5,"9":5},"f":{},"b":{},"_coverageSchema":"1a1c01bbd47fc00a2c39e90264f33305004495a9","hash":"013ce33722fc62012d676dac9aec8cd7cd273a81"}
,"C:\\Users\\asus\\Documents\\ip\\IP-HCK88\\music-app\\server\\routes\\tracksRoutes.js": {"path":"C:\\Users\\asus\\Documents\\ip\\IP-HCK88\\music-app\\server\\routes\\tracksRoutes.js","statementMap":{"0":{"start":{"line":1,"column":16},"end":{"line":1,"column":34}},"1":{"start":{"line":2,"column":15},"end":{"line":2,"column":31}},"2":{"start":{"line":3,"column":25},"end":{"line":3,"column":67}},"3":{"start":{"line":5,"column":0},"end":{"line":5,"column":52}},"4":{"start":{"line":6,"column":0},"end":{"line":6,"column":59}},"5":{"start":{"line":7,"column":0},"end":{"line":7,"column":53}},"6":{"start":{"line":8,"column":0},"end":{"line":8,"column":65}},"7":{"start":{"line":10,"column":0},"end":{"line":10,"column":24}}},"fnMap":{},"branchMap":{},"s":{"0":5,"1":5,"2":5,"3":5,"4":5,"5":5,"6":5,"7":5},"f":{},"b":{},"_coverageSchema":"1a1c01bbd47fc00a2c39e90264f33305004495a9","hash":"19eaedfd2889b6dc6e2f0b5256e76556a7d4c0c7"}
}
