TN:
SF:controllers\authController.js
FN:9,(anonymous_0)
FN:41,(anonymous_1)
FN:81,(anonymous_2)
FN:131,oo_cm
FNF:4
FNH:4
FNDA:7,(anonymous_0)
FNDA:6,(anonymous_1)
FNDA:5,(anonymous_2)
FNDA:37,oo_cm
DA:1,5
DA:2,5
DA:3,5
DA:4,5
DA:6,5
DA:10,7
DA:11,7
DA:13,7
DA:14,3
DA:19,4
DA:20,4
DA:21,1
DA:24,3
DA:26,2
DA:31,1
DA:33,1
DA:34,1
DA:37,0
DA:42,6
DA:43,6
DA:44,6
DA:49,6
DA:51,6
DA:52,3
DA:53,3
DA:58,3
DA:60,3
DA:61,1
DA:62,1
DA:65,2
DA:66,2
DA:67,1
DA:68,1
DA:71,1
DA:72,1
DA:74,1
DA:76,0
DA:77,0
DA:82,5
DA:83,5
DA:84,5
DA:86,5
DA:87,1
DA:88,1
DA:91,4
DA:92,4
DA:97,2
DA:98,2
DA:100,2
DA:105,2
DA:106,2
DA:112,2
DA:117,2
DA:118,2
DA:119,2
DA:124,5
DA:131,37
LF:57
LH:54
BRDA:13,0,0,3
BRDA:13,0,1,4
BRDA:13,1,0,7
BRDA:13,1,1,5
BRDA:20,2,0,1
BRDA:20,2,1,3
BRDA:33,3,0,1
BRDA:33,3,1,0
BRDA:51,4,0,3
BRDA:51,4,1,3
BRDA:51,5,0,6
BRDA:51,5,1,4
BRDA:60,6,0,1
BRDA:60,6,1,2
BRDA:66,7,0,1
BRDA:66,7,1,1
BRDA:86,8,0,1
BRDA:86,8,1,4
BRDA:109,9,0,1
BRDA:109,9,1,1
BRDA:112,10,0,1
BRDA:112,10,1,1
BRDA:131,11,0,37
BRDA:131,11,1,1
BRF:24
BRH:23
end_of_record
TN:
SF:controllers\playlistsController.js
FN:4,(anonymous_0)
FN:17,(anonymous_1)
FN:41,(anonymous_2)
FN:74,(anonymous_3)
FN:99,(anonymous_4)
FN:156,(anonymous_5)
FN:194,oo_cm
FNF:7
FNH:7
FNDA:4,(anonymous_0)
FNDA:5,(anonymous_1)
FNDA:5,(anonymous_2)
FNDA:3,(anonymous_3)
FNDA:10,(anonymous_4)
FNDA:3,(anonymous_5)
FNDA:32,oo_cm
DA:1,5
DA:5,4
DA:6,4
DA:10,4
DA:12,0
DA:13,0
DA:18,5
DA:19,5
DA:20,5
DA:21,5
DA:23,5
DA:25,5
DA:26,2
DA:31,3
DA:32,3
DA:34,3
DA:36,0
DA:37,0
DA:42,5
DA:43,5
DA:45,5
DA:46,1
DA:50,4
DA:51,4
DA:52,1
DA:56,3
DA:60,3
DA:61,1
DA:64,2
DA:65,2
DA:67,2
DA:69,0
DA:70,0
DA:75,3
DA:77,3
DA:78,3
DA:79,1
DA:83,2
DA:87,2
DA:88,1
DA:91,1
DA:92,1
DA:94,0
DA:95,0
DA:100,10
DA:101,10
DA:102,10
DA:103,10
DA:105,10
DA:112,10
DA:115,10
DA:116,1
DA:117,1
DA:123,9
DA:124,5
DA:128,4
DA:131,4
DA:132,1
DA:136,3
DA:146,3
DA:147,3
DA:149,0
DA:150,0
DA:157,3
DA:158,3
DA:159,3
DA:162,3
DA:166,3
DA:167,1
DA:170,2
DA:174,2
DA:175,1
DA:178,1
DA:179,1
DA:181,0
DA:182,0
DA:187,5
DA:194,32
LF:78
LH:66
BRDA:25,0,0,2
BRDA:25,0,1,3
BRDA:25,1,0,5
BRDA:25,1,1,4
BRDA:45,2,0,1
BRDA:45,2,1,4
BRDA:51,3,0,1
BRDA:51,3,1,3
BRDA:60,4,0,1
BRDA:60,4,1,2
BRDA:78,5,0,1
BRDA:78,5,1,2
BRDA:87,6,0,1
BRDA:87,6,1,1
BRDA:115,7,0,1
BRDA:115,7,1,9
BRDA:123,8,0,5
BRDA:123,8,1,4
BRDA:123,9,0,9
BRDA:123,9,1,8
BRDA:123,9,2,6
BRDA:123,9,3,5
BRDA:131,10,0,1
BRDA:131,10,1,3
BRDA:166,11,0,1
BRDA:166,11,1,2
BRDA:174,12,0,1
BRDA:174,12,1,1
BRDA:194,13,0,32
BRDA:194,13,1,3
BRF:30
BRH:30
end_of_record
TN:
SF:helpers\bcrypt.js
FN:4,(anonymous_0)
FN:5,(anonymous_1)
FNF:2
FNH:2
FNDA:13,(anonymous_0)
FNDA:4,(anonymous_1)
DA:1,5
DA:3,5
DA:4,13
DA:6,4
LF:4
LH:4
BRF:0
BRH:0
end_of_record
TN:
SF:helpers\jwt.js
FN:4,(anonymous_0)
FN:5,(anonymous_1)
FNF:2
FNH:2
FNDA:12,(anonymous_0)
FNDA:85,(anonymous_1)
DA:1,5
DA:3,5
DA:4,12
DA:5,85
LF:4
LH:4
BRF:0
BRH:0
end_of_record
TN:
SF:middlewares\authentication.js
FN:4,authentication
FNF:1
FNH:1
FNDA:98,authentication
DA:1,5
DA:2,5
DA:5,98
DA:6,98
DA:12,98
DA:13,98
DA:15,98
DA:17,85
DA:18,85
DA:20,85
DA:21,70
DA:23,70
DA:24,70
DA:26,69
DA:27,69
DA:29,69
DA:31,29
DA:32,0
DA:34,29
DA:38,5
LF:20
LH:19
BRDA:13,0,0,85
BRDA:13,0,1,13
BRDA:15,1,0,13
BRDA:15,1,1,85
BRDA:18,2,0,82
BRDA:18,2,1,3
BRDA:24,3,0,1
BRDA:24,3,1,69
BRDA:31,4,0,0
BRDA:31,4,1,29
BRDA:32,5,0,0
BRDA:32,5,1,0
BRF:12
BRH:9
end_of_record
TN:
SF:models\index.js
FN:21,(anonymous_0)
FN:29,(anonymous_1)
FN:34,(anonymous_2)
FNF:3
FNH:3
FNDA:20,(anonymous_0)
FNDA:15,(anonymous_1)
FNDA:15,(anonymous_2)
DA:3,5
DA:4,5
DA:5,5
DA:6,5
DA:7,5
DA:8,5
DA:9,5
DA:10,5
DA:13,5
DA:14,0
DA:16,5
DA:19,5
DA:22,20
DA:30,15
DA:31,15
DA:34,5
DA:35,15
DA:36,15
DA:40,5
DA:41,5
DA:43,5
LF:21
LH:20
BRDA:8,0,0,5
BRDA:8,0,1,0
BRDA:13,1,0,0
BRDA:13,1,1,5
BRDA:23,2,0,20
BRDA:23,2,1,20
BRDA:23,2,2,15
BRDA:23,2,3,15
BRDA:35,3,0,15
BRDA:35,3,1,0
BRF:10
BRH:7
end_of_record
TN:
SF:models\musiclist.js
FN:4,(anonymous_0)
FN:6,(anonymous_1)
FNF:2
FNH:2
FNDA:5,(anonymous_0)
FNDA:5,(anonymous_1)
DA:2,5
DA:4,5
DA:7,5
DA:11,5
DA:62,5
LF:5
LH:5
BRF:0
BRH:0
end_of_record
TN:
SF:models\playlist.js
FN:4,(anonymous_0)
FN:6,(anonymous_1)
FNF:2
FNH:2
FNDA:5,(anonymous_0)
FNDA:5,(anonymous_1)
DA:2,5
DA:4,5
DA:7,5
DA:8,5
DA:12,5
DA:37,5
LF:6
LH:6
BRF:0
BRH:0
end_of_record
TN:
SF:models\user.js
FN:4,(anonymous_0)
FN:6,(anonymous_1)
FN:48,(anonymous_2)
FNF:3
FNH:3
FNDA:5,(anonymous_0)
FNDA:5,(anonymous_1)
FNDA:8,(anonymous_2)
DA:2,5
DA:3,5
DA:4,5
DA:7,5
DA:10,5
DA:48,5
DA:49,8
DA:51,5
LF:8
LH:8
BRF:0
BRH:0
end_of_record
TN:
SF:routes\authRoutes.js
FNF:0
FNH:0
DA:1,5
DA:2,5
DA:3,5
DA:5,5
DA:6,5
DA:7,5
DA:9,5
LF:7
LH:7
BRF:0
BRH:0
end_of_record
TN:
SF:routes\playlistsRoutes.js
FNF:0
FNH:0
DA:1,5
DA:2,5
DA:3,5
DA:5,5
DA:6,5
DA:7,5
DA:8,5
DA:9,5
DA:10,5
DA:15,5
LF:10
LH:10
BRF:0
BRH:0
end_of_record
TN:
SF:routes\tracksRoutes.js
FNF:0
FNH:0
DA:1,5
DA:2,5
DA:3,5
DA:5,5
DA:6,5
DA:7,5
DA:8,5
DA:10,5
LF:8
LH:8
BRF:0
BRH:0
end_of_record
